<?xml version="1.0" encoding="UTF-8"?>
<!-- Generated by org.testng.reporters.JUnitXMLReporter -->
<testsuite ignored="0" hostname="DESKTOP-PSF41UD" failures="1" tests="1" name="WatchTower test" time="12.425" errors="0" timestamp="2024-02-19T16:48:25 IST">
  <testcase classname="com.watchtower.testCases.TC_Logintest_001" name="loginTest" time="0.178">
    <failure type="java.lang.AssertionError">
      <![CDATA[java.lang.AssertionError
at org.junit.Assert.fail(Assert.java:87)
at org.junit.Assert.assertTrue(Assert.java:42)
at org.junit.Assert.assertTrue(Assert.java:53)
at com.watchtower.testCases.TC_Logintest_001.loginTest(TC_Logintest_001.java:30)
at java.base/java.util.ArrayList.forEach(ArrayList.java:1511)
... Removed 27 stack frames]]>
    </failure>
  </testcase> <!-- loginTest -->
</testsuite> <!-- WatchTower test -->
